{"C:\\Projects\\TodoApp9\\frontend\\src\\components\\ConfirmDialog.vue": {"path":"C:\\Projects\\TodoApp9\\frontend\\src\\components\\ConfirmDialog.vue","statementMap":{"0":{"start":{"line":53,"column":13},"end":{"line":53,"column":null}},"1":{"start":{"line":58,"column":18},"end":{"line":60,"column":null}},"2":{"start":{"line":59,"column":2},"end":{"line":59,"column":null}},"3":{"start":{"line":62,"column":17},"end":{"line":64,"column":null}},"4":{"start":{"line":63,"column":2},"end":{"line":63,"column":null}},"5":{"start":{"line":7,"column":11},"end":{"line":7,"column":null}},"6":{"start":{"line":8,"column":12},"end":{"line":8,"column":null}},"7":{"start":{"line":11,"column":11},"end":{"line":11,"column":null}},"8":{"start":{"line":15,"column":13},"end":{"line":15,"column":null}},"9":{"start":{"line":2,"column":2},"end":{"line":27,"column":null}}},"fnMap":{"0":{"name":"(anonymous_0)","decl":{"start":{"line":58,"column":18},"end":{"line":58,"column":24}},"loc":{"start":{"line":58,"column":24},"end":{"line":60,"column":null}},"line":58},"1":{"name":"(anonymous_1)","decl":{"start":{"line":62,"column":17},"end":{"line":62,"column":23}},"loc":{"start":{"line":62,"column":23},"end":{"line":64,"column":null}},"line":62}},"branchMap":{"0":{"loc":{"start":{"line":4,"column":12},"end":{"line":27,"column":null}},"type":"cond-expr","locations":[{"start":{"line":4,"column":12},"end":{"line":27,"column":null}}],"line":4}},"s":{"0":0,"1":0,"2":0,"3":0,"4":0,"5":1,"6":1,"7":1,"8":1,"9":0},"f":{"0":0,"1":0},"b":{"0":[0,null]},"meta":{"lastBranch":1,"lastFunction":2,"lastStatement":10,"seen":{"s:53:13:53:Infinity":0,"s:58:18:60:Infinity":1,"f:58:18:58:24":0,"s:59:2:59:Infinity":2,"s:62:17:64:Infinity":3,"f:62:17:62:23":1,"s:63:2:63:Infinity":4,"s:7:11:7:Infinity":5,"s:8:12:8:Infinity":6,"s:11:11:11:Infinity":7,"s:15:13:15:Infinity":8,"s:2:2:27:Infinity":9,"b:4:12:27:Infinity":0}}}
,"C:\\Projects\\TodoApp9\\frontend\\src\\components\\TodoCard.vue": {"path":"C:\\Projects\\TodoApp9\\frontend\\src\\components\\TodoCard.vue","statementMap":{"0":{"start":{"line":159,"column":16},"end":{"line":159,"column":null}},"1":{"start":{"line":161,"column":15},"end":{"line":161,"column":null}},"2":{"start":{"line":167,"column":8},"end":{"line":167,"column":null}},"3":{"start":{"line":169,"column":8},"end":{"line":169,"column":null}},"4":{"start":{"line":171,"column":8},"end":{"line":178,"column":null}},"5":{"start":{"line":172,"column":46},"end":{"line":176,"column":null}},"6":{"start":{"line":177,"column":4},"end":{"line":177,"column":null}},"7":{"start":{"line":180,"column":8},"end":{"line":187,"column":null}},"8":{"start":{"line":181,"column":45},"end":{"line":185,"column":null}},"9":{"start":{"line":186,"column":4},"end":{"line":186,"column":null}},"10":{"start":{"line":189,"column":8},"end":{"line":196,"column":null}},"11":{"start":{"line":190,"column":48},"end":{"line":194,"column":null}},"12":{"start":{"line":195,"column":4},"end":{"line":195,"column":null}},"13":{"start":{"line":198,"column":8},"end":{"line":205,"column":null}},"14":{"start":{"line":199,"column":45},"end":{"line":203,"column":null}},"15":{"start":{"line":204,"column":4},"end":{"line":204,"column":null}},"16":{"start":{"line":207,"column":8},"end":{"line":211,"column":null}},"17":{"start":{"line":208,"column":4},"end":{"line":208,"column":null}},"18":{"start":{"line":208,"column":38},"end":{"line":208,"column":null}},"19":{"start":{"line":209,"column":4},"end":{"line":209,"column":null}},"20":{"start":{"line":209,"column":45},"end":{"line":209,"column":null}},"21":{"start":{"line":210,"column":4},"end":{"line":210,"column":null}},"22":{"start":{"line":213,"column":21},"end":{"line":220,"column":null}},"23":{"start":{"line":214,"column":4},"end":{"line":214,"column":null}},"24":{"start":{"line":214,"column":21},"end":{"line":214,"column":null}},"25":{"start":{"line":215,"column":4},"end":{"line":219,"column":null}},"26":{"start":{"line":216,"column":6},"end":{"line":216,"column":null}},"27":{"start":{"line":218,"column":6},"end":{"line":218,"column":null}},"28":{"start":{"line":222,"column":22},"end":{"line":226,"column":null}},"29":{"start":{"line":223,"column":4},"end":{"line":225,"column":null}},"30":{"start":{"line":224,"column":6},"end":{"line":224,"column":null}},"31":{"start":{"line":228,"column":21},"end":{"line":230,"column":null}},"32":{"start":{"line":229,"column":4},"end":{"line":229,"column":null}},"33":{"start":{"line":232,"column":23},"end":{"line":234,"column":null}},"34":{"start":{"line":233,"column":4},"end":{"line":233,"column":null}},"35":{"start":{"line":236,"column":24},"end":{"line":241,"column":null}},"36":{"start":{"line":237,"column":4},"end":{"line":239,"column":null}},"37":{"start":{"line":238,"column":6},"end":{"line":238,"column":null}},"38":{"start":{"line":240,"column":4},"end":{"line":240,"column":null}},"39":{"start":{"line":243,"column":23},"end":{"line":245,"column":null}},"40":{"start":{"line":244,"column":4},"end":{"line":244,"column":null}},"41":{"start":{"line":247,"column":29},"end":{"line":258,"column":null}},"42":{"start":{"line":248,"column":4},"end":{"line":248,"column":null}},"43":{"start":{"line":248,"column":24},"end":{"line":248,"column":null}},"44":{"start":{"line":250,"column":21},"end":{"line":250,"column":null}},"45":{"start":{"line":251,"column":4},"end":{"line":255,"column":null}},"46":{"start":{"line":252,"column":6},"end":{"line":252,"column":null}},"47":{"start":{"line":253,"column":4},"end":{"line":255,"column":null}},"48":{"start":{"line":254,"column":6},"end":{"line":254,"column":null}},"49":{"start":{"line":257,"column":4},"end":{"line":257,"column":null}},"50":{"start":{"line":6,"column":9},"end":{"line":6,"column":null}},"51":{"start":{"line":7,"column":11},"end":{"line":7,"column":null}},"52":{"start":{"line":8,"column":12},"end":{"line":8,"column":null}},"53":{"start":{"line":18,"column":11},"end":{"line":18,"column":null}},"54":{"start":{"line":60,"column":9},"end":{"line":60,"column":null}}},"fnMap":{"0":{"name":"(anonymous_0)","decl":{"start":{"line":171,"column":30},"end":{"line":171,"column":36}},"loc":{"start":{"line":171,"column":36},"end":{"line":178,"column":3}},"line":171},"1":{"name":"(anonymous_1)","decl":{"start":{"line":180,"column":31},"end":{"line":180,"column":37}},"loc":{"start":{"line":180,"column":37},"end":{"line":187,"column":3}},"line":180},"2":{"name":"(anonymous_2)","decl":{"start":{"line":189,"column":32},"end":{"line":189,"column":38}},"loc":{"start":{"line":189,"column":38},"end":{"line":196,"column":3}},"line":189},"3":{"name":"(anonymous_3)","decl":{"start":{"line":198,"column":33},"end":{"line":198,"column":39}},"loc":{"start":{"line":198,"column":39},"end":{"line":205,"column":3}},"line":198},"4":{"name":"(anonymous_4)","decl":{"start":{"line":207,"column":34},"end":{"line":207,"column":40}},"loc":{"start":{"line":207,"column":40},"end":{"line":211,"column":3}},"line":207},"5":{"name":"(anonymous_5)","decl":{"start":{"line":213,"column":21},"end":{"line":213,"column":22}},"loc":{"start":{"line":213,"column":46},"end":{"line":220,"column":null}},"line":213},"6":{"name":"(anonymous_6)","decl":{"start":{"line":222,"column":22},"end":{"line":222,"column":28}},"loc":{"start":{"line":222,"column":28},"end":{"line":226,"column":null}},"line":222},"7":{"name":"(anonymous_7)","decl":{"start":{"line":228,"column":21},"end":{"line":228,"column":27}},"loc":{"start":{"line":228,"column":27},"end":{"line":230,"column":null}},"line":228},"8":{"name":"(anonymous_8)","decl":{"start":{"line":232,"column":23},"end":{"line":232,"column":29}},"loc":{"start":{"line":232,"column":29},"end":{"line":234,"column":null}},"line":232},"9":{"name":"(anonymous_9)","decl":{"start":{"line":236,"column":24},"end":{"line":236,"column":30}},"loc":{"start":{"line":236,"column":30},"end":{"line":241,"column":null}},"line":236},"10":{"name":"(anonymous_10)","decl":{"start":{"line":243,"column":23},"end":{"line":243,"column":29}},"loc":{"start":{"line":243,"column":29},"end":{"line":245,"column":null}},"line":243},"11":{"name":"(anonymous_11)","decl":{"start":{"line":247,"column":29},"end":{"line":247,"column":35}},"loc":{"start":{"line":247,"column":35},"end":{"line":258,"column":null}},"line":247}},"branchMap":{"0":{"loc":{"start":{"line":177,"column":11},"end":{"line":177,"column":null}},"type":"binary-expr","locations":[{"start":{"line":177,"column":11},"end":{"line":177,"column":53}},{"start":{"line":177,"column":53},"end":{"line":177,"column":null}}],"line":177},"1":{"loc":{"start":{"line":177,"column":21},"end":{"line":177,"column":48}},"type":"binary-expr","locations":[{"start":{"line":177,"column":21},"end":{"line":177,"column":42}},{"start":{"line":177,"column":42},"end":{"line":177,"column":48}}],"line":177},"2":{"loc":{"start":{"line":186,"column":11},"end":{"line":186,"column":null}},"type":"binary-expr","locations":[{"start":{"line":186,"column":11},"end":{"line":186,"column":52}},{"start":{"line":186,"column":52},"end":{"line":186,"column":null}}],"line":186},"3":{"loc":{"start":{"line":186,"column":20},"end":{"line":186,"column":47}},"type":"binary-expr","locations":[{"start":{"line":186,"column":20},"end":{"line":186,"column":41}},{"start":{"line":186,"column":41},"end":{"line":186,"column":47}}],"line":186},"4":{"loc":{"start":{"line":195,"column":11},"end":{"line":195,"column":null}},"type":"binary-expr","locations":[{"start":{"line":195,"column":11},"end":{"line":195,"column":59}},{"start":{"line":195,"column":59},"end":{"line":195,"column":null}}],"line":195},"5":{"loc":{"start":{"line":195,"column":23},"end":{"line":195,"column":54}},"type":"binary-expr","locations":[{"start":{"line":195,"column":23},"end":{"line":195,"column":46}},{"start":{"line":195,"column":46},"end":{"line":195,"column":54}}],"line":195},"6":{"loc":{"start":{"line":204,"column":11},"end":{"line":204,"column":null}},"type":"binary-expr","locations":[{"start":{"line":204,"column":11},"end":{"line":204,"column":56}},{"start":{"line":204,"column":56},"end":{"line":204,"column":null}}],"line":204},"7":{"loc":{"start":{"line":204,"column":20},"end":{"line":204,"column":51}},"type":"binary-expr","locations":[{"start":{"line":204,"column":20},"end":{"line":204,"column":43}},{"start":{"line":204,"column":43},"end":{"line":204,"column":51}}],"line":204},"8":{"loc":{"start":{"line":208,"column":4},"end":{"line":208,"column":null}},"type":"if","locations":[{"start":{"line":208,"column":4},"end":{"line":208,"column":null}},{"start":{},"end":{}}],"line":208},"9":{"loc":{"start":{"line":209,"column":4},"end":{"line":209,"column":null}},"type":"if","locations":[{"start":{"line":209,"column":4},"end":{"line":209,"column":null}},{"start":{},"end":{}}],"line":209},"10":{"loc":{"start":{"line":214,"column":4},"end":{"line":214,"column":null}},"type":"if","locations":[{"start":{"line":214,"column":4},"end":{"line":214,"column":null}},{"start":{},"end":{}}],"line":214},"11":{"loc":{"start":{"line":223,"column":4},"end":{"line":225,"column":null}},"type":"if","locations":[{"start":{"line":223,"column":4},"end":{"line":225,"column":null}},{"start":{},"end":{}}],"line":223},"12":{"loc":{"start":{"line":237,"column":4},"end":{"line":239,"column":null}},"type":"if","locations":[{"start":{"line":237,"column":4},"end":{"line":239,"column":null}},{"start":{},"end":{}}],"line":237},"13":{"loc":{"start":{"line":248,"column":4},"end":{"line":248,"column":null}},"type":"if","locations":[{"start":{"line":248,"column":4},"end":{"line":248,"column":null}},{"start":{},"end":{}}],"line":248},"14":{"loc":{"start":{"line":251,"column":4},"end":{"line":255,"column":null}},"type":"if","locations":[{"start":{"line":251,"column":4},"end":{"line":255,"column":null}},{"start":{"line":253,"column":4},"end":{"line":255,"column":null}}],"line":251},"15":{"loc":{"start":{"line":253,"column":4},"end":{"line":255,"column":null}},"type":"if","locations":[{"start":{"line":253,"column":4},"end":{"line":255,"column":null}},{"start":{},"end":{}}],"line":253},"16":{"loc":{"start":{"line":22,"column":33},"end":{"line":34,"column":null}},"type":"binary-expr","locations":[{"start":{"line":22,"column":33},"end":{"line":22,"column":null}},{"start":{"line":22,"column":33},"end":{"line":34,"column":null}}],"line":22},"17":{"loc":{"start":{"line":41,"column":35},"end":{"line":53,"column":null}},"type":"binary-expr","locations":[{"start":{"line":41,"column":35},"end":{"line":41,"column":null}},{"start":{"line":41,"column":35},"end":{"line":53,"column":null}}],"line":41},"18":{"loc":{"start":{"line":71,"column":14},"end":{"line":75,"column":null}},"type":"cond-expr","locations":[{"start":{"line":71,"column":19},"end":{"line":75,"column":null}},{"start":{"line":75,"column":23},"end":{"line":75,"column":null}}],"line":71},"19":{"loc":{"start":{"line":80,"column":14},"end":{"line":96,"column":null}},"type":"cond-expr","locations":[{"start":{"line":80,"column":19},"end":{"line":96,"column":null}},{"start":{"line":96,"column":34},"end":{"line":96,"column":null}}],"line":80},"20":{"loc":{"start":{"line":97,"column":13},"end":{"line":93,"column":null}},"type":"binary-expr","locations":[{"start":{"line":97,"column":13},"end":{"line":97,"column":null}},{"start":{"line":97,"column":13},"end":{"line":93,"column":null}}],"line":97},"21":{"loc":{"start":{"line":101,"column":14},"end":{"line":118,"column":13}},"type":"cond-expr","locations":[{"start":{"line":101,"column":19},"end":{"line":118,"column":13}},{"start":{"line":118,"column":6},"end":{"line":118,"column":13}}],"line":101},"22":{"loc":{"start":{"line":118,"column":13},"end":{"line":114,"column":null}},"type":"binary-expr","locations":[{"start":{"line":118,"column":13},"end":{"line":118,"column":null}},{"start":{"line":118,"column":13},"end":{"line":114,"column":null}}],"line":118},"23":{"loc":{"start":{"line":123,"column":12},"end":{"line":130,"column":null}},"type":"cond-expr","locations":[{"start":{"line":123,"column":23},"end":{"line":130,"column":null}},{"start":{"line":130,"column":25},"end":{"line":130,"column":null}}],"line":123}},"s":{"0":12,"1":12,"2":12,"3":12,"4":12,"5":12,"6":12,"7":12,"8":12,"9":12,"10":12,"11":3,"12":3,"13":12,"14":3,"15":3,"16":12,"17":11,"18":9,"19":2,"20":1,"21":1,"22":12,"23":1,"24":0,"25":1,"26":1,"27":0,"28":12,"29":0,"30":0,"31":12,"32":1,"33":12,"34":2,"35":12,"36":1,"37":1,"38":1,"39":12,"40":1,"41":12,"42":1,"43":0,"44":1,"45":1,"46":1,"47":0,"48":0,"49":1,"50":1,"51":1,"52":1,"53":1,"54":1},"f":{"0":12,"1":12,"2":3,"3":3,"4":11,"5":1,"6":0,"7":1,"8":2,"9":1,"10":1,"11":1},"b":{"0":[12,0],"1":[12,1],"2":[12,0],"3":[12,1],"4":[3,0],"5":[3,0],"6":[3,0],"7":[3,0],"8":[9,2],"9":[1,1],"10":[0,1],"11":[0,0],"12":[1,0],"13":[0,1],"14":[1,0],"15":[0,0],"16":[16,12],"17":[16,12],"18":[3,13],"19":[1,15],"20":[1,1],"21":[0,16],"22":[0,0],"23":[15,1]},"meta":{"lastBranch":24,"lastFunction":12,"lastStatement":55,"seen":{"s:159:16:159:Infinity":0,"s:161:15:161:Infinity":1,"s:167:8:167:Infinity":2,"s:169:8:169:Infinity":3,"s:171:8:178:Infinity":4,"f:171:30:171:36":0,"s:172:46:176:Infinity":5,"s:177:4:177:Infinity":6,"b:177:11:177:53:177:53:177:Infinity":0,"b:177:21:177:42:177:42:177:48":1,"s:180:8:187:Infinity":7,"f:180:31:180:37":1,"s:181:45:185:Infinity":8,"s:186:4:186:Infinity":9,"b:186:11:186:52:186:52:186:Infinity":2,"b:186:20:186:41:186:41:186:47":3,"s:189:8:196:Infinity":10,"f:189:32:189:38":2,"s:190:48:194:Infinity":11,"s:195:4:195:Infinity":12,"b:195:11:195:59:195:59:195:Infinity":4,"b:195:23:195:46:195:46:195:54":5,"s:198:8:205:Infinity":13,"f:198:33:198:39":3,"s:199:45:203:Infinity":14,"s:204:4:204:Infinity":15,"b:204:11:204:56:204:56:204:Infinity":6,"b:204:20:204:43:204:43:204:51":7,"s:207:8:211:Infinity":16,"f:207:34:207:40":4,"b:208:4:208:Infinity:undefined:undefined:undefined:undefined":8,"s:208:4:208:Infinity":17,"s:208:38:208:Infinity":18,"b:209:4:209:Infinity:undefined:undefined:undefined:undefined":9,"s:209:4:209:Infinity":19,"s:209:45:209:Infinity":20,"s:210:4:210:Infinity":21,"s:213:21:220:Infinity":22,"f:213:21:213:22":5,"b:214:4:214:Infinity:undefined:undefined:undefined:undefined":10,"s:214:4:214:Infinity":23,"s:214:21:214:Infinity":24,"s:215:4:219:Infinity":25,"s:216:6:216:Infinity":26,"s:218:6:218:Infinity":27,"s:222:22:226:Infinity":28,"f:222:22:222:28":6,"b:223:4:225:Infinity:undefined:undefined:undefined:undefined":11,"s:223:4:225:Infinity":29,"s:224:6:224:Infinity":30,"s:228:21:230:Infinity":31,"f:228:21:228:27":7,"s:229:4:229:Infinity":32,"s:232:23:234:Infinity":33,"f:232:23:232:29":8,"s:233:4:233:Infinity":34,"s:236:24:241:Infinity":35,"f:236:24:236:30":9,"b:237:4:239:Infinity:undefined:undefined:undefined:undefined":12,"s:237:4:239:Infinity":36,"s:238:6:238:Infinity":37,"s:240:4:240:Infinity":38,"s:243:23:245:Infinity":39,"f:243:23:243:29":10,"s:244:4:244:Infinity":40,"s:247:29:258:Infinity":41,"f:247:29:247:35":11,"b:248:4:248:Infinity:undefined:undefined:undefined:undefined":13,"s:248:4:248:Infinity":42,"s:248:24:248:Infinity":43,"s:250:21:250:Infinity":44,"b:251:4:255:Infinity:253:4:255:Infinity":14,"s:251:4:255:Infinity":45,"s:252:6:252:Infinity":46,"b:253:4:255:Infinity:undefined:undefined:undefined:undefined":15,"s:253:4:255:Infinity":47,"s:254:6:254:Infinity":48,"s:257:4:257:Infinity":49,"s:6:9:6:Infinity":50,"s:7:11:7:Infinity":51,"s:8:12:8:Infinity":52,"s:18:11:18:Infinity":53,"s:60:9:60:Infinity":54,"b:22:33:22:Infinity:22:33:34:Infinity":16,"b:41:35:41:Infinity:41:35:53:Infinity":17,"b:71:19:75:Infinity:75:23:75:Infinity":18,"b:80:19:96:Infinity:96:34:96:Infinity":19,"b:97:13:97:Infinity:97:13:93:Infinity":20,"b:101:19:118:13:118:6:118:13":21,"b:118:13:118:Infinity:118:13:114:Infinity":22,"b:123:23:130:Infinity:130:25:130:Infinity":23}}}
,"C:\\Projects\\TodoApp9\\frontend\\src\\composables\\useTodoOperations.ts": {"path":"C:\\Projects\\TodoApp9\\frontend\\src\\composables\\useTodoOperations.ts","statementMap":{"0":{"start":{"line":13,"column":8},"end":{"line":13,"column":null}},"1":{"start":{"line":14,"column":33},"end":{"line":14,"column":null}},"2":{"start":{"line":15,"column":8},"end":{"line":15,"column":null}},"3":{"start":{"line":16,"column":8},"end":{"line":16,"column":null}},"4":{"start":{"line":21,"column":33},"end":{"line":36,"column":null}},"5":{"start":{"line":22,"column":4},"end":{"line":22,"column":null}},"6":{"start":{"line":23,"column":4},"end":{"line":23,"column":null}},"7":{"start":{"line":25,"column":4},"end":{"line":35,"column":null}},"8":{"start":{"line":26,"column":22},"end":{"line":26,"column":null}},"9":{"start":{"line":27,"column":6},"end":{"line":27,"column":null}},"10":{"start":{"line":28,"column":6},"end":{"line":28,"column":null}},"11":{"start":{"line":30,"column":6},"end":{"line":30,"column":null}},"12":{"start":{"line":31,"column":6},"end":{"line":31,"column":null}},"13":{"start":{"line":32,"column":6},"end":{"line":32,"column":null}},"14":{"start":{"line":34,"column":6},"end":{"line":34,"column":null}},"15":{"start":{"line":41,"column":33},"end":{"line":59,"column":null}},"16":{"start":{"line":45,"column":4},"end":{"line":45,"column":null}},"17":{"start":{"line":46,"column":4},"end":{"line":46,"column":null}},"18":{"start":{"line":48,"column":4},"end":{"line":58,"column":null}},"19":{"start":{"line":49,"column":21},"end":{"line":49,"column":null}},"20":{"start":{"line":50,"column":6},"end":{"line":50,"column":null}},"21":{"start":{"line":51,"column":6},"end":{"line":51,"column":null}},"22":{"start":{"line":53,"column":6},"end":{"line":53,"column":null}},"23":{"start":{"line":54,"column":6},"end":{"line":54,"column":null}},"24":{"start":{"line":55,"column":6},"end":{"line":55,"column":null}},"25":{"start":{"line":57,"column":6},"end":{"line":57,"column":null}},"26":{"start":{"line":64,"column":32},"end":{"line":83,"column":null}},"27":{"start":{"line":65,"column":4},"end":{"line":67,"column":null}},"28":{"start":{"line":66,"column":6},"end":{"line":66,"column":null}},"29":{"start":{"line":69,"column":4},"end":{"line":69,"column":null}},"30":{"start":{"line":70,"column":4},"end":{"line":70,"column":null}},"31":{"start":{"line":72,"column":4},"end":{"line":82,"column":null}},"32":{"start":{"line":73,"column":6},"end":{"line":73,"column":null}},"33":{"start":{"line":74,"column":6},"end":{"line":74,"column":null}},"34":{"start":{"line":75,"column":6},"end":{"line":75,"column":null}},"35":{"start":{"line":77,"column":6},"end":{"line":77,"column":null}},"36":{"start":{"line":78,"column":6},"end":{"line":78,"column":null}},"37":{"start":{"line":79,"column":6},"end":{"line":79,"column":null}},"38":{"start":{"line":81,"column":6},"end":{"line":81,"column":null}},"39":{"start":{"line":88,"column":35},"end":{"line":101,"column":null}},"40":{"start":{"line":92,"column":4},"end":{"line":100,"column":null}},"41":{"start":{"line":93,"column":26},"end":{"line":93,"column":null}},"42":{"start":{"line":94,"column":6},"end":{"line":94,"column":null}},"43":{"start":{"line":95,"column":6},"end":{"line":95,"column":null}},"44":{"start":{"line":97,"column":6},"end":{"line":97,"column":null}},"45":{"start":{"line":98,"column":6},"end":{"line":98,"column":null}},"46":{"start":{"line":99,"column":6},"end":{"line":99,"column":null}},"47":{"start":{"line":106,"column":23},"end":{"line":118,"column":null}},"48":{"start":{"line":107,"column":4},"end":{"line":117,"column":null}},"49":{"start":{"line":108,"column":6},"end":{"line":111,"column":null}},"50":{"start":{"line":112,"column":6},"end":{"line":112,"column":null}},"51":{"start":{"line":114,"column":6},"end":{"line":114,"column":null}},"52":{"start":{"line":115,"column":6},"end":{"line":115,"column":null}},"53":{"start":{"line":116,"column":6},"end":{"line":116,"column":null}},"54":{"start":{"line":120,"column":2},"end":{"line":128,"column":null}}},"fnMap":{"0":{"name":"useTodoOperations","decl":{"start":{"line":12,"column":16},"end":{"line":12,"column":36}},"loc":{"start":{"line":12,"column":36},"end":{"line":129,"column":null}},"line":12},"1":{"name":"(anonymous_1)","decl":{"start":{"line":21,"column":33},"end":{"line":21,"column":40}},"loc":{"start":{"line":21,"column":109},"end":{"line":36,"column":null}},"line":21},"2":{"name":"(anonymous_2)","decl":{"start":{"line":41,"column":33},"end":{"line":41,"column":null}},"loc":{"start":{"line":44,"column":54},"end":{"line":59,"column":null}},"line":44},"3":{"name":"(anonymous_3)","decl":{"start":{"line":64,"column":32},"end":{"line":64,"column":39}},"loc":{"start":{"line":64,"column":80},"end":{"line":83,"column":null}},"line":64},"4":{"name":"(anonymous_4)","decl":{"start":{"line":88,"column":35},"end":{"line":88,"column":null}},"loc":{"start":{"line":91,"column":54},"end":{"line":101,"column":null}},"line":91},"5":{"name":"(anonymous_5)","decl":{"start":{"line":106,"column":23},"end":{"line":106,"column":30}},"loc":{"start":{"line":106,"column":88},"end":{"line":118,"column":null}},"line":106}},"branchMap":{"0":{"loc":{"start":{"line":65,"column":4},"end":{"line":67,"column":null}},"type":"if","locations":[{"start":{"line":65,"column":4},"end":{"line":67,"column":null}},{"start":{},"end":{}}],"line":65}},"s":{"0":7,"1":7,"2":7,"3":7,"4":7,"5":2,"6":2,"7":2,"8":2,"9":1,"10":1,"11":1,"12":1,"13":1,"14":2,"15":7,"16":1,"17":1,"18":1,"19":1,"20":1,"21":1,"22":0,"23":0,"24":0,"25":1,"26":7,"27":2,"28":1,"29":1,"30":1,"31":1,"32":1,"33":1,"34":1,"35":0,"36":0,"37":0,"38":1,"39":7,"40":1,"41":1,"42":1,"43":1,"44":0,"45":0,"46":0,"47":7,"48":1,"49":1,"50":1,"51":0,"52":0,"53":0,"54":7},"f":{"0":7,"1":2,"2":1,"3":2,"4":1,"5":1},"b":{"0":[1,1]},"meta":{"lastBranch":1,"lastFunction":6,"lastStatement":55,"seen":{"f:12:16:12:36":0,"s:13:8:13:Infinity":0,"s:14:33:14:Infinity":1,"s:15:8:15:Infinity":2,"s:16:8:16:Infinity":3,"s:21:33:36:Infinity":4,"f:21:33:21:40":1,"s:22:4:22:Infinity":5,"s:23:4:23:Infinity":6,"s:25:4:35:Infinity":7,"s:26:22:26:Infinity":8,"s:27:6:27:Infinity":9,"s:28:6:28:Infinity":10,"s:30:6:30:Infinity":11,"s:31:6:31:Infinity":12,"s:32:6:32:Infinity":13,"s:34:6:34:Infinity":14,"s:41:33:59:Infinity":15,"f:41:33:41:Infinity":2,"s:45:4:45:Infinity":16,"s:46:4:46:Infinity":17,"s:48:4:58:Infinity":18,"s:49:21:49:Infinity":19,"s:50:6:50:Infinity":20,"s:51:6:51:Infinity":21,"s:53:6:53:Infinity":22,"s:54:6:54:Infinity":23,"s:55:6:55:Infinity":24,"s:57:6:57:Infinity":25,"s:64:32:83:Infinity":26,"f:64:32:64:39":3,"b:65:4:67:Infinity:undefined:undefined:undefined:undefined":0,"s:65:4:67:Infinity":27,"s:66:6:66:Infinity":28,"s:69:4:69:Infinity":29,"s:70:4:70:Infinity":30,"s:72:4:82:Infinity":31,"s:73:6:73:Infinity":32,"s:74:6:74:Infinity":33,"s:75:6:75:Infinity":34,"s:77:6:77:Infinity":35,"s:78:6:78:Infinity":36,"s:79:6:79:Infinity":37,"s:81:6:81:Infinity":38,"s:88:35:101:Infinity":39,"f:88:35:88:Infinity":4,"s:92:4:100:Infinity":40,"s:93:26:93:Infinity":41,"s:94:6:94:Infinity":42,"s:95:6:95:Infinity":43,"s:97:6:97:Infinity":44,"s:98:6:98:Infinity":45,"s:99:6:99:Infinity":46,"s:106:23:118:Infinity":47,"f:106:23:106:30":5,"s:107:4:117:Infinity":48,"s:108:6:111:Infinity":49,"s:112:6:112:Infinity":50,"s:114:6:114:Infinity":51,"s:115:6:115:Infinity":52,"s:116:6:116:Infinity":53,"s:120:2:128:Infinity":54}}}
,"C:\\Projects\\TodoApp9\\frontend\\src\\stores\\todo.ts": {"path":"C:\\Projects\\TodoApp9\\frontend\\src\\stores\\todo.ts","statementMap":{"0":{"start":{"line":24,"column":13},"end":{"line":355,"column":null}},"1":{"start":{"line":26,"column":8},"end":{"line":26,"column":null}},"2":{"start":{"line":27,"column":8},"end":{"line":27,"column":null}},"3":{"start":{"line":28,"column":8},"end":{"line":28,"column":null}},"4":{"start":{"line":29,"column":8},"end":{"line":29,"column":null}},"5":{"start":{"line":30,"column":8},"end":{"line":30,"column":null}},"6":{"start":{"line":31,"column":8},"end":{"line":31,"column":null}},"7":{"start":{"line":32,"column":8},"end":{"line":32,"column":null}},"8":{"start":{"line":33,"column":8},"end":{"line":33,"column":null}},"9":{"start":{"line":37,"column":8},"end":{"line":41,"column":null}},"10":{"start":{"line":38,"column":4},"end":{"line":40,"column":null}},"11":{"start":{"line":39,"column":17},"end":{"line":39,"column":39}},"12":{"start":{"line":40,"column":46},"end":{"line":40,"column":64}},"13":{"start":{"line":42,"column":8},"end":{"line":42,"column":null}},"14":{"start":{"line":42,"column":35},"end":{"line":42,"column":62}},"15":{"start":{"line":43,"column":8},"end":{"line":43,"column":null}},"16":{"start":{"line":43,"column":41},"end":{"line":43,"column":74}},"17":{"start":{"line":44,"column":8},"end":{"line":44,"column":null}},"18":{"start":{"line":44,"column":35},"end":{"line":44,"column":62}},"19":{"start":{"line":45,"column":8},"end":{"line":45,"column":null}},"20":{"start":{"line":45,"column":40},"end":{"line":45,"column":72}},"21":{"start":{"line":48,"column":22},"end":{"line":50,"column":null}},"22":{"start":{"line":49,"column":4},"end":{"line":49,"column":null}},"23":{"start":{"line":53,"column":21},"end":{"line":108,"column":null}},"24":{"start":{"line":54,"column":4},"end":{"line":107,"column":null}},"25":{"start":{"line":55,"column":6},"end":{"line":55,"column":null}},"26":{"start":{"line":59,"column":47},"end":{"line":59,"column":null}},"27":{"start":{"line":62,"column":31},"end":{"line":73,"column":null}},"28":{"start":{"line":63,"column":33},"end":{"line":63,"column":null}},"29":{"start":{"line":64,"column":27},"end":{"line":64,"column":null}},"30":{"start":{"line":66,"column":8},"end":{"line":70,"column":null}},"31":{"start":{"line":67,"column":10},"end":{"line":69,"column":null}},"32":{"start":{"line":68,"column":12},"end":{"line":68,"column":null}},"33":{"start":{"line":72,"column":8},"end":{"line":72,"column":null}},"34":{"start":{"line":75,"column":23},"end":{"line":81,"column":null}},"35":{"start":{"line":83,"column":23},"end":{"line":83,"column":null}},"36":{"start":{"line":85,"column":6},"end":{"line":101,"column":null}},"37":{"start":{"line":87,"column":8},"end":{"line":87,"column":null}},"38":{"start":{"line":88,"column":8},"end":{"line":88,"column":null}},"39":{"start":{"line":90,"column":24},"end":{"line":90,"column":null}},"40":{"start":{"line":91,"column":8},"end":{"line":96,"column":null}},"41":{"start":{"line":92,"column":10},"end":{"line":95,"column":null}},"42":{"start":{"line":93,"column":12},"end":{"line":93,"column":null}},"43":{"start":{"line":94,"column":12},"end":{"line":94,"column":null}},"44":{"start":{"line":98,"column":8},"end":{"line":98,"column":null}},"45":{"start":{"line":99,"column":8},"end":{"line":99,"column":null}},"46":{"start":{"line":100,"column":8},"end":{"line":100,"column":null}},"47":{"start":{"line":103,"column":6},"end":{"line":103,"column":null}},"48":{"start":{"line":104,"column":6},"end":{"line":104,"column":null}},"49":{"start":{"line":106,"column":6},"end":{"line":106,"column":null}},"50":{"start":{"line":110,"column":24},"end":{"line":150,"column":null}},"51":{"start":{"line":112,"column":23},"end":{"line":112,"column":null}},"52":{"start":{"line":113,"column":4},"end":{"line":116,"column":null}},"53":{"start":{"line":114,"column":6},"end":{"line":114,"column":null}},"54":{"start":{"line":115,"column":6},"end":{"line":115,"column":null}},"55":{"start":{"line":118,"column":4},"end":{"line":149,"column":null}},"56":{"start":{"line":119,"column":6},"end":{"line":119,"column":null}},"57":{"start":{"line":120,"column":23},"end":{"line":125,"column":null}},"58":{"start":{"line":127,"column":19},"end":{"line":127,"column":null}},"59":{"start":{"line":129,"column":6},"end":{"line":141,"column":null}},"60":{"start":{"line":131,"column":8},"end":{"line":137,"column":null}},"61":{"start":{"line":132,"column":10},"end":{"line":132,"column":null}},"62":{"start":{"line":134,"column":10},"end":{"line":136,"column":null}},"63":{"start":{"line":135,"column":12},"end":{"line":135,"column":null}},"64":{"start":{"line":138,"column":8},"end":{"line":138,"column":null}},"65":{"start":{"line":140,"column":8},"end":{"line":140,"column":null}},"66":{"start":{"line":143,"column":6},"end":{"line":143,"column":null}},"67":{"start":{"line":145,"column":6},"end":{"line":145,"column":null}},"68":{"start":{"line":146,"column":6},"end":{"line":146,"column":null}},"69":{"start":{"line":148,"column":6},"end":{"line":148,"column":null}},"70":{"start":{"line":152,"column":21},"end":{"line":174,"column":null}},"71":{"start":{"line":153,"column":4},"end":{"line":173,"column":null}},"72":{"start":{"line":154,"column":6},"end":{"line":154,"column":null}},"73":{"start":{"line":155,"column":23},"end":{"line":158,"column":null}},"74":{"start":{"line":160,"column":22},"end":{"line":160,"column":null}},"75":{"start":{"line":162,"column":6},"end":{"line":166,"column":null}},"76":{"start":{"line":164,"column":8},"end":{"line":164,"column":null}},"77":{"start":{"line":165,"column":8},"end":{"line":165,"column":null}},"78":{"start":{"line":167,"column":6},"end":{"line":167,"column":null}},"79":{"start":{"line":169,"column":6},"end":{"line":169,"column":null}},"80":{"start":{"line":170,"column":6},"end":{"line":170,"column":null}},"81":{"start":{"line":172,"column":6},"end":{"line":172,"column":null}},"82":{"start":{"line":176,"column":21},"end":{"line":223,"column":null}},"83":{"start":{"line":178,"column":24},"end":{"line":178,"column":null}},"84":{"start":{"line":179,"column":24},"end":{"line":179,"column":null}},"85":{"start":{"line":180,"column":25},"end":{"line":180,"column":null}},"86":{"start":{"line":182,"column":4},"end":{"line":184,"column":null}},"87":{"start":{"line":183,"column":6},"end":{"line":183,"column":null}},"88":{"start":{"line":186,"column":4},"end":{"line":222,"column":null}},"89":{"start":{"line":187,"column":6},"end":{"line":187,"column":null}},"90":{"start":{"line":190,"column":43},"end":{"line":194,"column":null}},"91":{"start":{"line":195,"column":6},"end":{"line":195,"column":null}},"92":{"start":{"line":198,"column":23},"end":{"line":204,"column":null}},"93":{"start":{"line":207,"column":26},"end":{"line":207,"column":null}},"94":{"start":{"line":209,"column":6},"end":{"line":211,"column":null}},"95":{"start":{"line":210,"column":8},"end":{"line":210,"column":null}},"96":{"start":{"line":213,"column":6},"end":{"line":213,"column":null}},"97":{"start":{"line":216,"column":6},"end":{"line":216,"column":null}},"98":{"start":{"line":217,"column":6},"end":{"line":217,"column":null}},"99":{"start":{"line":218,"column":6},"end":{"line":218,"column":null}},"100":{"start":{"line":219,"column":6},"end":{"line":219,"column":null}},"101":{"start":{"line":221,"column":6},"end":{"line":221,"column":null}},"102":{"start":{"line":225,"column":27},"end":{"line":272,"column":null}},"103":{"start":{"line":227,"column":24},"end":{"line":227,"column":null}},"104":{"start":{"line":228,"column":24},"end":{"line":228,"column":null}},"105":{"start":{"line":229,"column":25},"end":{"line":229,"column":null}},"106":{"start":{"line":231,"column":4},"end":{"line":233,"column":null}},"107":{"start":{"line":232,"column":6},"end":{"line":232,"column":null}},"108":{"start":{"line":235,"column":4},"end":{"line":271,"column":null}},"109":{"start":{"line":237,"column":43},"end":{"line":243,"column":null}},"110":{"start":{"line":244,"column":6},"end":{"line":244,"column":null}},"111":{"start":{"line":247,"column":23},"end":{"line":255,"column":null}},"112":{"start":{"line":258,"column":26},"end":{"line":258,"column":null}},"113":{"start":{"line":260,"column":6},"end":{"line":262,"column":null}},"114":{"start":{"line":261,"column":8},"end":{"line":261,"column":null}},"115":{"start":{"line":264,"column":6},"end":{"line":264,"column":null}},"116":{"start":{"line":267,"column":6},"end":{"line":267,"column":null}},"117":{"start":{"line":268,"column":6},"end":{"line":268,"column":null}},"118":{"start":{"line":269,"column":6},"end":{"line":269,"column":null}},"119":{"start":{"line":270,"column":6},"end":{"line":270,"column":null}},"120":{"start":{"line":274,"column":21},"end":{"line":293,"column":null}},"121":{"start":{"line":275,"column":4},"end":{"line":292,"column":null}},"122":{"start":{"line":276,"column":6},"end":{"line":276,"column":null}},"123":{"start":{"line":277,"column":6},"end":{"line":282,"column":null}},"124":{"start":{"line":285,"column":6},"end":{"line":285,"column":null}},"125":{"start":{"line":286,"column":6},"end":{"line":286,"column":null}},"126":{"start":{"line":286,"column":53},"end":{"line":286,"column":66}},"127":{"start":{"line":288,"column":6},"end":{"line":288,"column":null}},"128":{"start":{"line":289,"column":6},"end":{"line":289,"column":null}},"129":{"start":{"line":291,"column":6},"end":{"line":291,"column":null}},"130":{"start":{"line":295,"column":21},"end":{"line":306,"column":null}},"131":{"start":{"line":296,"column":4},"end":{"line":305,"column":null}},"132":{"start":{"line":297,"column":23},"end":{"line":299,"column":null}},"133":{"start":{"line":301,"column":6},"end":{"line":301,"column":null}},"134":{"start":{"line":303,"column":6},"end":{"line":303,"column":null}},"135":{"start":{"line":304,"column":6},"end":{"line":304,"column":null}},"136":{"start":{"line":308,"column":30},"end":{"line":319,"column":null}},"137":{"start":{"line":309,"column":4},"end":{"line":318,"column":null}},"138":{"start":{"line":310,"column":23},"end":{"line":312,"column":null}},"139":{"start":{"line":314,"column":6},"end":{"line":314,"column":null}},"140":{"start":{"line":316,"column":6},"end":{"line":316,"column":null}},"141":{"start":{"line":317,"column":6},"end":{"line":317,"column":null}},"142":{"start":{"line":321,"column":21},"end":{"line":326,"column":null}},"143":{"start":{"line":322,"column":4},"end":{"line":322,"column":null}},"144":{"start":{"line":323,"column":4},"end":{"line":323,"column":null}},"145":{"start":{"line":324,"column":4},"end":{"line":324,"column":null}},"146":{"start":{"line":325,"column":4},"end":{"line":325,"column":null}},"147":{"start":{"line":328,"column":2},"end":{"line":354,"column":null}}},"fnMap":{"0":{"name":"(anonymous_0)","decl":{"start":{"line":24,"column":48},"end":{"line":24,"column":54}},"loc":{"start":{"line":24,"column":54},"end":{"line":355,"column":1}},"line":24},"1":{"name":"(anonymous_1)","decl":{"start":{"line":37,"column":25},"end":{"line":37,"column":null}},"loc":{"start":{"line":38,"column":4},"end":{"line":40,"column":null}},"line":38},"2":{"name":"(anonymous_2)","decl":{"start":{"line":39,"column":11},"end":{"line":39,"column":17}},"loc":{"start":{"line":39,"column":17},"end":{"line":39,"column":39}},"line":39},"3":{"name":"(anonymous_3)","decl":{"start":{"line":40,"column":14},"end":{"line":40,"column":15}},"loc":{"start":{"line":40,"column":46},"end":{"line":40,"column":64}},"line":40},"4":{"name":"(anonymous_4)","decl":{"start":{"line":42,"column":29},"end":{"line":42,"column":35}},"loc":{"start":{"line":42,"column":35},"end":{"line":42,"column":62}},"line":42},"5":{"name":"(anonymous_5)","decl":{"start":{"line":43,"column":35},"end":{"line":43,"column":41}},"loc":{"start":{"line":43,"column":41},"end":{"line":43,"column":74}},"line":43},"6":{"name":"(anonymous_6)","decl":{"start":{"line":44,"column":29},"end":{"line":44,"column":35}},"loc":{"start":{"line":44,"column":35},"end":{"line":44,"column":62}},"line":44},"7":{"name":"(anonymous_7)","decl":{"start":{"line":45,"column":34},"end":{"line":45,"column":40}},"loc":{"start":{"line":45,"column":40},"end":{"line":45,"column":72}},"line":45},"8":{"name":"(anonymous_8)","decl":{"start":{"line":48,"column":22},"end":{"line":48,"column":23}},"loc":{"start":{"line":48,"column":64},"end":{"line":50,"column":null}},"line":48},"9":{"name":"(anonymous_9)","decl":{"start":{"line":53,"column":21},"end":{"line":53,"column":28}},"loc":{"start":{"line":53,"column":74},"end":{"line":108,"column":null}},"line":53},"10":{"name":"(anonymous_10)","decl":{"start":{"line":62,"column":31},"end":{"line":62,"column":32}},"loc":{"start":{"line":62,"column":73},"end":{"line":73,"column":null}},"line":62},"11":{"name":"(anonymous_11)","decl":{"start":{"line":66,"column":43},"end":{"line":66,"column":44}},"loc":{"start":{"line":66,"column":61},"end":{"line":70,"column":9}},"line":66},"12":{"name":"(anonymous_12)","decl":{"start":{"line":91,"column":24},"end":{"line":91,"column":32}},"loc":{"start":{"line":91,"column":32},"end":{"line":96,"column":9}},"line":91},"13":{"name":"(anonymous_13)","decl":{"start":{"line":110,"column":24},"end":{"line":110,"column":31}},"loc":{"start":{"line":110,"column":76},"end":{"line":150,"column":null}},"line":110},"14":{"name":"(anonymous_14)","decl":{"start":{"line":152,"column":21},"end":{"line":152,"column":28}},"loc":{"start":{"line":152,"column":80},"end":{"line":174,"column":null}},"line":152},"15":{"name":"(anonymous_15)","decl":{"start":{"line":176,"column":21},"end":{"line":176,"column":28}},"loc":{"start":{"line":176,"column":92},"end":{"line":223,"column":null}},"line":176},"16":{"name":"(anonymous_16)","decl":{"start":{"line":225,"column":27},"end":{"line":225,"column":34}},"loc":{"start":{"line":225,"column":99},"end":{"line":272,"column":null}},"line":225},"17":{"name":"(anonymous_17)","decl":{"start":{"line":274,"column":21},"end":{"line":274,"column":28}},"loc":{"start":{"line":274,"column":58},"end":{"line":293,"column":null}},"line":274},"18":{"name":"(anonymous_18)","decl":{"start":{"line":286,"column":43},"end":{"line":286,"column":53}},"loc":{"start":{"line":286,"column":53},"end":{"line":286,"column":66}},"line":286},"19":{"name":"(anonymous_19)","decl":{"start":{"line":295,"column":21},"end":{"line":295,"column":48}},"loc":{"start":{"line":295,"column":48},"end":{"line":306,"column":null}},"line":295},"20":{"name":"(anonymous_20)","decl":{"start":{"line":308,"column":30},"end":{"line":308,"column":86}},"loc":{"start":{"line":308,"column":86},"end":{"line":319,"column":null}},"line":308},"21":{"name":"(anonymous_21)","decl":{"start":{"line":321,"column":21},"end":{"line":321,"column":33}},"loc":{"start":{"line":321,"column":33},"end":{"line":326,"column":null}},"line":321}},"branchMap":{"0":{"loc":{"start":{"line":42,"column":35},"end":{"line":42,"column":62}},"type":"binary-expr","locations":[{"start":{"line":42,"column":35},"end":{"line":42,"column":61}},{"start":{"line":42,"column":61},"end":{"line":42,"column":62}}],"line":42},"1":{"loc":{"start":{"line":43,"column":41},"end":{"line":43,"column":74}},"type":"binary-expr","locations":[{"start":{"line":43,"column":41},"end":{"line":43,"column":73}},{"start":{"line":43,"column":73},"end":{"line":43,"column":74}}],"line":43},"2":{"loc":{"start":{"line":44,"column":35},"end":{"line":44,"column":62}},"type":"binary-expr","locations":[{"start":{"line":44,"column":35},"end":{"line":44,"column":61}},{"start":{"line":44,"column":61},"end":{"line":44,"column":62}}],"line":44},"3":{"loc":{"start":{"line":45,"column":40},"end":{"line":45,"column":72}},"type":"binary-expr","locations":[{"start":{"line":45,"column":40},"end":{"line":45,"column":71}},{"start":{"line":45,"column":71},"end":{"line":45,"column":72}}],"line":45},"4":{"loc":{"start":{"line":59,"column":47},"end":{"line":59,"column":null}},"type":"binary-expr","locations":[{"start":{"line":59,"column":47},"end":{"line":59,"column":57}},{"start":{"line":59,"column":57},"end":{"line":59,"column":null}}],"line":59},"5":{"loc":{"start":{"line":64,"column":27},"end":{"line":64,"column":null}},"type":"binary-expr","locations":[{"start":{"line":64,"column":27},"end":{"line":64,"column":56}},{"start":{"line":64,"column":56},"end":{"line":64,"column":null}}],"line":64},"6":{"loc":{"start":{"line":67,"column":10},"end":{"line":69,"column":null}},"type":"if","locations":[{"start":{"line":67,"column":10},"end":{"line":69,"column":null}},{"start":{},"end":{}}],"line":67},"7":{"loc":{"start":{"line":67,"column":14},"end":{"line":67,"column":69}},"type":"binary-expr","locations":[{"start":{"line":67,"column":14},"end":{"line":67,"column":37}},{"start":{"line":67,"column":37},"end":{"line":67,"column":55}},{"start":{"line":67,"column":55},"end":{"line":67,"column":69}}],"line":67},"8":{"loc":{"start":{"line":85,"column":6},"end":{"line":101,"column":null}},"type":"if","locations":[{"start":{"line":85,"column":6},"end":{"line":101,"column":null}},{"start":{},"end":{}}],"line":85},"9":{"loc":{"start":{"line":90,"column":24},"end":{"line":90,"column":null}},"type":"binary-expr","locations":[{"start":{"line":90,"column":24},"end":{"line":90,"column":44}},{"start":{"line":90,"column":44},"end":{"line":90,"column":null}}],"line":90},"10":{"loc":{"start":{"line":92,"column":10},"end":{"line":95,"column":null}},"type":"if","locations":[{"start":{"line":92,"column":10},"end":{"line":95,"column":null}},{"start":{},"end":{}}],"line":92},"11":{"loc":{"start":{"line":92,"column":14},"end":{"line":92,"column":57}},"type":"binary-expr","locations":[{"start":{"line":92,"column":14},"end":{"line":92,"column":39}},{"start":{"line":92,"column":39},"end":{"line":92,"column":57}}],"line":92},"12":{"loc":{"start":{"line":98,"column":27},"end":{"line":98,"column":null}},"type":"binary-expr","locations":[{"start":{"line":98,"column":27},"end":{"line":98,"column":50}},{"start":{"line":98,"column":50},"end":{"line":98,"column":null}}],"line":98},"13":{"loc":{"start":{"line":99,"column":30},"end":{"line":99,"column":null}},"type":"binary-expr","locations":[{"start":{"line":99,"column":30},"end":{"line":99,"column":56}},{"start":{"line":99,"column":56},"end":{"line":99,"column":null}}],"line":99},"14":{"loc":{"start":{"line":100,"column":28},"end":{"line":100,"column":null}},"type":"binary-expr","locations":[{"start":{"line":100,"column":28},"end":{"line":100,"column":47}},{"start":{"line":100,"column":47},"end":{"line":100,"column":null}}],"line":100},"15":{"loc":{"start":{"line":113,"column":4},"end":{"line":116,"column":null}},"type":"if","locations":[{"start":{"line":113,"column":4},"end":{"line":116,"column":null}},{"start":{},"end":{}}],"line":113},"16":{"loc":{"start":{"line":127,"column":19},"end":{"line":127,"column":null}},"type":"binary-expr","locations":[{"start":{"line":127,"column":19},"end":{"line":127,"column":42}},{"start":{"line":127,"column":42},"end":{"line":127,"column":null}}],"line":127},"17":{"loc":{"start":{"line":129,"column":6},"end":{"line":141,"column":null}},"type":"if","locations":[{"start":{"line":129,"column":6},"end":{"line":141,"column":null}},{"start":{"line":139,"column":13},"end":{"line":141,"column":null}}],"line":129},"18":{"loc":{"start":{"line":131,"column":8},"end":{"line":137,"column":null}},"type":"if","locations":[{"start":{"line":131,"column":8},"end":{"line":137,"column":null}},{"start":{},"end":{}}],"line":131},"19":{"loc":{"start":{"line":131,"column":12},"end":{"line":131,"column":55}},"type":"binary-expr","locations":[{"start":{"line":131,"column":12},"end":{"line":131,"column":37}},{"start":{"line":131,"column":37},"end":{"line":131,"column":55}}],"line":131},"20":{"loc":{"start":{"line":134,"column":10},"end":{"line":136,"column":null}},"type":"if","locations":[{"start":{"line":134,"column":10},"end":{"line":136,"column":null}},{"start":{},"end":{}}],"line":134},"21":{"loc":{"start":{"line":160,"column":22},"end":{"line":160,"column":null}},"type":"binary-expr","locations":[{"start":{"line":160,"column":22},"end":{"line":160,"column":45}},{"start":{"line":160,"column":45},"end":{"line":160,"column":null}}],"line":160},"22":{"loc":{"start":{"line":162,"column":6},"end":{"line":166,"column":null}},"type":"if","locations":[{"start":{"line":162,"column":6},"end":{"line":166,"column":null}},{"start":{},"end":{}}],"line":162},"23":{"loc":{"start":{"line":162,"column":10},"end":{"line":162,"column":70}},"type":"binary-expr","locations":[{"start":{"line":162,"column":10},"end":{"line":162,"column":21}},{"start":{"line":162,"column":21},"end":{"line":162,"column":49}},{"start":{"line":162,"column":49},"end":{"line":162,"column":70}}],"line":162},"24":{"loc":{"start":{"line":182,"column":4},"end":{"line":184,"column":null}},"type":"if","locations":[{"start":{"line":182,"column":4},"end":{"line":184,"column":null}},{"start":{},"end":{}}],"line":182},"25":{"loc":{"start":{"line":207,"column":26},"end":{"line":207,"column":null}},"type":"binary-expr","locations":[{"start":{"line":207,"column":26},"end":{"line":207,"column":49}},{"start":{"line":207,"column":49},"end":{"line":207,"column":null}}],"line":207},"26":{"loc":{"start":{"line":209,"column":6},"end":{"line":211,"column":null}},"type":"if","locations":[{"start":{"line":209,"column":6},"end":{"line":211,"column":null}},{"start":{},"end":{}}],"line":209},"27":{"loc":{"start":{"line":231,"column":4},"end":{"line":233,"column":null}},"type":"if","locations":[{"start":{"line":231,"column":4},"end":{"line":233,"column":null}},{"start":{},"end":{}}],"line":231},"28":{"loc":{"start":{"line":242,"column":21},"end":{"line":242,"column":null}},"type":"cond-expr","locations":[{"start":{"line":242,"column":32},"end":{"line":242,"column":68}},{"start":{"line":242,"column":68},"end":{"line":242,"column":null}}],"line":242},"29":{"loc":{"start":{"line":258,"column":26},"end":{"line":258,"column":null}},"type":"binary-expr","locations":[{"start":{"line":258,"column":26},"end":{"line":258,"column":49}},{"start":{"line":258,"column":49},"end":{"line":258,"column":null}}],"line":258},"30":{"loc":{"start":{"line":260,"column":6},"end":{"line":262,"column":null}},"type":"if","locations":[{"start":{"line":260,"column":6},"end":{"line":262,"column":null}},{"start":{},"end":{}}],"line":260},"31":{"loc":{"start":{"line":301,"column":20},"end":{"line":301,"column":null}},"type":"binary-expr","locations":[{"start":{"line":301,"column":20},"end":{"line":301,"column":43}},{"start":{"line":301,"column":43},"end":{"line":301,"column":null}}],"line":301},"32":{"loc":{"start":{"line":314,"column":13},"end":{"line":314,"column":null}},"type":"binary-expr","locations":[{"start":{"line":314,"column":13},"end":{"line":314,"column":36}},{"start":{"line":314,"column":36},"end":{"line":314,"column":null}}],"line":314}},"s":{"0":1,"1":9,"2":9,"3":9,"4":9,"5":9,"6":9,"7":9,"8":9,"9":9,"10":4,"11":3,"12":3,"13":9,"14":1,"15":9,"16":1,"17":9,"18":1,"19":9,"20":1,"21":9,"22":5,"23":9,"24":6,"25":6,"26":6,"27":6,"28":0,"29":0,"30":0,"31":0,"32":0,"33":0,"34":6,"35":6,"36":6,"37":6,"38":6,"39":6,"40":6,"41":6,"42":6,"43":6,"44":6,"45":6,"46":6,"47":0,"48":0,"49":6,"50":9,"51":0,"52":0,"53":0,"54":0,"55":0,"56":0,"57":0,"58":0,"59":0,"60":0,"61":0,"62":0,"63":0,"64":0,"65":0,"66":0,"67":0,"68":0,"69":0,"70":9,"71":1,"72":1,"73":1,"74":1,"75":1,"76":1,"77":1,"78":1,"79":0,"80":0,"81":1,"82":9,"83":2,"84":2,"85":2,"86":2,"87":0,"88":2,"89":2,"90":2,"91":2,"92":2,"93":1,"94":2,"95":1,"96":1,"97":1,"98":1,"99":1,"100":1,"101":2,"102":9,"103":1,"104":1,"105":1,"106":1,"107":0,"108":1,"109":1,"110":1,"111":1,"112":1,"113":1,"114":1,"115":1,"116":0,"117":0,"118":0,"119":0,"120":9,"121":1,"122":1,"123":1,"124":1,"125":1,"126":0,"127":0,"128":0,"129":1,"130":9,"131":1,"132":1,"133":1,"134":0,"135":0,"136":9,"137":0,"138":0,"139":0,"140":0,"141":0,"142":9,"143":0,"144":0,"145":0,"146":0,"147":9},"f":{"0":9,"1":4,"2":3,"3":3,"4":1,"5":1,"6":1,"7":1,"8":5,"9":6,"10":0,"11":0,"12":6,"13":0,"14":1,"15":2,"16":1,"17":1,"18":0,"19":1,"20":0,"21":0},"b":{"0":[1,0],"1":[1,0],"2":[1,0],"3":[1,0],"4":[6,6],"5":[0,0],"6":[0,0],"7":[0,0,0],"8":[6,0],"9":[6,0],"10":[6,0],"11":[6,6],"12":[6,1],"13":[6,1],"14":[6,6],"15":[0,0],"16":[0,0],"17":[0,0],"18":[0,0],"19":[0,0],"20":[0,0],"21":[1,0],"22":[1,0],"23":[1,1,1],"24":[0,2],"25":[1,0],"26":[1,1],"27":[0,1],"28":[1,0],"29":[1,0],"30":[1,0],"31":[1,0],"32":[0,0]},"meta":{"lastBranch":33,"lastFunction":22,"lastStatement":148,"seen":{"s:24:13:355:Infinity":0,"f:24:48:24:54":0,"s:26:8:26:Infinity":1,"s:27:8:27:Infinity":2,"s:28:8:28:Infinity":3,"s:29:8:29:Infinity":4,"s:30:8:30:Infinity":5,"s:31:8:31:Infinity":6,"s:32:8:32:Infinity":7,"s:33:8:33:Infinity":8,"s:37:8:41:Infinity":9,"f:37:25:37:Infinity":1,"s:38:4:40:Infinity":10,"f:39:11:39:17":2,"s:39:17:39:39":11,"f:40:14:40:15":3,"s:40:46:40:64":12,"s:42:8:42:Infinity":13,"f:42:29:42:35":4,"s:42:35:42:62":14,"b:42:35:42:61:42:61:42:62":0,"s:43:8:43:Infinity":15,"f:43:35:43:41":5,"s:43:41:43:74":16,"b:43:41:43:73:43:73:43:74":1,"s:44:8:44:Infinity":17,"f:44:29:44:35":6,"s:44:35:44:62":18,"b:44:35:44:61:44:61:44:62":2,"s:45:8:45:Infinity":19,"f:45:34:45:40":7,"s:45:40:45:72":20,"b:45:40:45:71:45:71:45:72":3,"s:48:22:50:Infinity":21,"f:48:22:48:23":8,"s:49:4:49:Infinity":22,"s:53:21:108:Infinity":23,"f:53:21:53:28":9,"s:54:4:107:Infinity":24,"s:55:6:55:Infinity":25,"s:59:47:59:Infinity":26,"b:59:47:59:57:59:57:59:Infinity":4,"s:62:31:73:Infinity":27,"f:62:31:62:32":10,"s:63:33:63:Infinity":28,"s:64:27:64:Infinity":29,"b:64:27:64:56:64:56:64:Infinity":5,"s:66:8:70:Infinity":30,"f:66:43:66:44":11,"b:67:10:69:Infinity:undefined:undefined:undefined:undefined":6,"s:67:10:69:Infinity":31,"b:67:14:67:37:67:37:67:55:67:55:67:69":7,"s:68:12:68:Infinity":32,"s:72:8:72:Infinity":33,"s:75:23:81:Infinity":34,"s:83:23:83:Infinity":35,"b:85:6:101:Infinity:undefined:undefined:undefined:undefined":8,"s:85:6:101:Infinity":36,"s:87:8:87:Infinity":37,"s:88:8:88:Infinity":38,"s:90:24:90:Infinity":39,"b:90:24:90:44:90:44:90:Infinity":9,"s:91:8:96:Infinity":40,"f:91:24:91:32":12,"b:92:10:95:Infinity:undefined:undefined:undefined:undefined":10,"s:92:10:95:Infinity":41,"b:92:14:92:39:92:39:92:57":11,"s:93:12:93:Infinity":42,"s:94:12:94:Infinity":43,"s:98:8:98:Infinity":44,"b:98:27:98:50:98:50:98:Infinity":12,"s:99:8:99:Infinity":45,"b:99:30:99:56:99:56:99:Infinity":13,"s:100:8:100:Infinity":46,"b:100:28:100:47:100:47:100:Infinity":14,"s:103:6:103:Infinity":47,"s:104:6:104:Infinity":48,"s:106:6:106:Infinity":49,"s:110:24:150:Infinity":50,"f:110:24:110:31":13,"s:112:23:112:Infinity":51,"b:113:4:116:Infinity:undefined:undefined:undefined:undefined":15,"s:113:4:116:Infinity":52,"s:114:6:114:Infinity":53,"s:115:6:115:Infinity":54,"s:118:4:149:Infinity":55,"s:119:6:119:Infinity":56,"s:120:23:125:Infinity":57,"s:127:19:127:Infinity":58,"b:127:19:127:42:127:42:127:Infinity":16,"b:129:6:141:Infinity:139:13:141:Infinity":17,"s:129:6:141:Infinity":59,"b:131:8:137:Infinity:undefined:undefined:undefined:undefined":18,"s:131:8:137:Infinity":60,"b:131:12:131:37:131:37:131:55":19,"s:132:10:132:Infinity":61,"b:134:10:136:Infinity:undefined:undefined:undefined:undefined":20,"s:134:10:136:Infinity":62,"s:135:12:135:Infinity":63,"s:138:8:138:Infinity":64,"s:140:8:140:Infinity":65,"s:143:6:143:Infinity":66,"s:145:6:145:Infinity":67,"s:146:6:146:Infinity":68,"s:148:6:148:Infinity":69,"s:152:21:174:Infinity":70,"f:152:21:152:28":14,"s:153:4:173:Infinity":71,"s:154:6:154:Infinity":72,"s:155:23:158:Infinity":73,"s:160:22:160:Infinity":74,"b:160:22:160:45:160:45:160:Infinity":21,"b:162:6:166:Infinity:undefined:undefined:undefined:undefined":22,"s:162:6:166:Infinity":75,"b:162:10:162:21:162:21:162:49:162:49:162:70":23,"s:164:8:164:Infinity":76,"s:165:8:165:Infinity":77,"s:167:6:167:Infinity":78,"s:169:6:169:Infinity":79,"s:170:6:170:Infinity":80,"s:172:6:172:Infinity":81,"s:176:21:223:Infinity":82,"f:176:21:176:28":15,"s:178:24:178:Infinity":83,"s:179:24:179:Infinity":84,"s:180:25:180:Infinity":85,"b:182:4:184:Infinity:undefined:undefined:undefined:undefined":24,"s:182:4:184:Infinity":86,"s:183:6:183:Infinity":87,"s:186:4:222:Infinity":88,"s:187:6:187:Infinity":89,"s:190:43:194:Infinity":90,"s:195:6:195:Infinity":91,"s:198:23:204:Infinity":92,"s:207:26:207:Infinity":93,"b:207:26:207:49:207:49:207:Infinity":25,"b:209:6:211:Infinity:undefined:undefined:undefined:undefined":26,"s:209:6:211:Infinity":94,"s:210:8:210:Infinity":95,"s:213:6:213:Infinity":96,"s:216:6:216:Infinity":97,"s:217:6:217:Infinity":98,"s:218:6:218:Infinity":99,"s:219:6:219:Infinity":100,"s:221:6:221:Infinity":101,"s:225:27:272:Infinity":102,"f:225:27:225:34":16,"s:227:24:227:Infinity":103,"s:228:24:228:Infinity":104,"s:229:25:229:Infinity":105,"b:231:4:233:Infinity:undefined:undefined:undefined:undefined":27,"s:231:4:233:Infinity":106,"s:232:6:232:Infinity":107,"s:235:4:271:Infinity":108,"s:237:43:243:Infinity":109,"b:242:32:242:68:242:68:242:Infinity":28,"s:244:6:244:Infinity":110,"s:247:23:255:Infinity":111,"s:258:26:258:Infinity":112,"b:258:26:258:49:258:49:258:Infinity":29,"b:260:6:262:Infinity:undefined:undefined:undefined:undefined":30,"s:260:6:262:Infinity":113,"s:261:8:261:Infinity":114,"s:264:6:264:Infinity":115,"s:267:6:267:Infinity":116,"s:268:6:268:Infinity":117,"s:269:6:269:Infinity":118,"s:270:6:270:Infinity":119,"s:274:21:293:Infinity":120,"f:274:21:274:28":17,"s:275:4:292:Infinity":121,"s:276:6:276:Infinity":122,"s:277:6:282:Infinity":123,"s:285:6:285:Infinity":124,"s:286:6:286:Infinity":125,"f:286:43:286:53":18,"s:286:53:286:66":126,"s:288:6:288:Infinity":127,"s:289:6:289:Infinity":128,"s:291:6:291:Infinity":129,"s:295:21:306:Infinity":130,"f:295:21:295:48":19,"s:296:4:305:Infinity":131,"s:297:23:299:Infinity":132,"s:301:6:301:Infinity":133,"b:301:20:301:43:301:43:301:Infinity":31,"s:303:6:303:Infinity":134,"s:304:6:304:Infinity":135,"s:308:30:319:Infinity":136,"f:308:30:308:86":20,"s:309:4:318:Infinity":137,"s:310:23:312:Infinity":138,"s:314:6:314:Infinity":139,"b:314:13:314:36:314:36:314:Infinity":32,"s:316:6:316:Infinity":140,"s:317:6:317:Infinity":141,"s:321:21:326:Infinity":142,"f:321:21:321:33":21,"s:322:4:322:Infinity":143,"s:323:4:323:Infinity":144,"s:324:4:324:Infinity":145,"s:325:4:325:Infinity":146,"s:328:2:354:Infinity":147}}}
,"C:\\Projects\\TodoApp9\\frontend\\src\\utils\\errorHandler.ts": {"path":"C:\\Projects\\TodoApp9\\frontend\\src\\utils\\errorHandler.ts","statementMap":{"0":{"start":{"line":16,"column":2},"end":{"line":16,"column":null}},"1":{"start":{"line":33,"column":52},"end":{"line":45,"column":null}},"2":{"start":{"line":51,"column":2},"end":{"line":51,"column":null}},"3":{"start":{"line":59,"column":2},"end":{"line":109,"column":null}},"4":{"start":{"line":60,"column":21},"end":{"line":60,"column":null}},"5":{"start":{"line":61,"column":22},"end":{"line":61,"column":null}},"6":{"start":{"line":62,"column":19},"end":{"line":62,"column":null}},"7":{"start":{"line":65,"column":4},"end":{"line":101,"column":null}},"8":{"start":{"line":67,"column":6},"end":{"line":90,"column":null}},"9":{"start":{"line":68,"column":52},"end":{"line":68,"column":null}},"10":{"start":{"line":69,"column":27},"end":{"line":69,"column":null}},"11":{"start":{"line":72,"column":8},"end":{"line":79,"column":null}},"12":{"start":{"line":73,"column":10},"end":{"line":78,"column":null}},"13":{"start":{"line":74,"column":12},"end":{"line":74,"column":null}},"14":{"start":{"line":75,"column":12},"end":{"line":77,"column":null}},"15":{"start":{"line":76,"column":14},"end":{"line":76,"column":null}},"16":{"start":{"line":81,"column":8},"end":{"line":89,"column":null}},"17":{"start":{"line":93,"column":6},"end":{"line":100,"column":null}},"18":{"start":{"line":104,"column":4},"end":{"line":108,"column":null}},"19":{"start":{"line":112,"column":2},"end":{"line":118,"column":null}},"20":{"start":{"line":113,"column":4},"end":{"line":117,"column":null}},"21":{"start":{"line":121,"column":2},"end":{"line":127,"column":null}},"22":{"start":{"line":122,"column":4},"end":{"line":126,"column":null}},"23":{"start":{"line":130,"column":2},"end":{"line":134,"column":null}},"24":{"start":{"line":141,"column":2},"end":{"line":145,"column":null}},"25":{"start":{"line":153,"column":2},"end":{"line":153,"column":null}},"26":{"start":{"line":160,"column":2},"end":{"line":160,"column":null}},"27":{"start":{"line":167,"column":2},"end":{"line":167,"column":null}},"28":{"start":{"line":174,"column":2},"end":{"line":174,"column":null}},"29":{"start":{"line":181,"column":2},"end":{"line":181,"column":null}},"30":{"start":{"line":188,"column":2},"end":{"line":188,"column":null}},"31":{"start":{"line":195,"column":17},"end":{"line":195,"column":null}},"32":{"start":{"line":196,"column":2},"end":{"line":196,"column":null}}},"fnMap":{"0":{"name":"isApiErrorResponse","decl":{"start":{"line":15,"column":9},"end":{"line":15,"column":28}},"loc":{"start":{"line":15,"column":69},"end":{"line":17,"column":null}},"line":15},"1":{"name":"getDefaultErrorMessage","decl":{"start":{"line":50,"column":16},"end":{"line":50,"column":39}},"loc":{"start":{"line":50,"column":63},"end":{"line":52,"column":null}},"line":50},"2":{"name":"parseApiError","decl":{"start":{"line":57,"column":16},"end":{"line":57,"column":30}},"loc":{"start":{"line":57,"column":59},"end":{"line":135,"column":null}},"line":57},"3":{"name":"(anonymous_3)","decl":{"start":{"line":72,"column":47},"end":{"line":72,"column":48}},"loc":{"start":{"line":72,"column":69},"end":{"line":79,"column":9}},"line":72},"4":{"name":"isAxiosError","decl":{"start":{"line":140,"column":9},"end":{"line":140,"column":22}},"loc":{"start":{"line":140,"column":59},"end":{"line":147,"column":null}},"line":140},"5":{"name":"getErrorMessage","decl":{"start":{"line":152,"column":16},"end":{"line":152,"column":32}},"loc":{"start":{"line":152,"column":96},"end":{"line":154,"column":null}},"line":152},"6":{"name":"getFieldErrors","decl":{"start":{"line":159,"column":16},"end":{"line":159,"column":31}},"loc":{"start":{"line":159,"column":83},"end":{"line":161,"column":null}},"line":159},"7":{"name":"isHttpStatus","decl":{"start":{"line":166,"column":16},"end":{"line":166,"column":29}},"loc":{"start":{"line":166,"column":70},"end":{"line":168,"column":null}},"line":166},"8":{"name":"isUnauthorized","decl":{"start":{"line":173,"column":16},"end":{"line":173,"column":31}},"loc":{"start":{"line":173,"column":56},"end":{"line":175,"column":null}},"line":173},"9":{"name":"isForbidden","decl":{"start":{"line":180,"column":16},"end":{"line":180,"column":28}},"loc":{"start":{"line":180,"column":53},"end":{"line":182,"column":null}},"line":180},"10":{"name":"isNotFound","decl":{"start":{"line":187,"column":16},"end":{"line":187,"column":27}},"loc":{"start":{"line":187,"column":52},"end":{"line":189,"column":null}},"line":187},"11":{"name":"isServerError","decl":{"start":{"line":194,"column":16},"end":{"line":194,"column":30}},"loc":{"start":{"line":194,"column":55},"end":{"line":197,"column":null}},"line":194}},"branchMap":{"0":{"loc":{"start":{"line":16,"column":9},"end":{"line":16,"column":null}},"type":"binary-expr","locations":[{"start":{"line":16,"column":9},"end":{"line":16,"column":19}},{"start":{"line":16,"column":19},"end":{"line":16,"column":47}},{"start":{"line":16,"column":47},"end":{"line":16,"column":null}}],"line":16},"1":{"loc":{"start":{"line":51,"column":9},"end":{"line":51,"column":null}},"type":"binary-expr","locations":[{"start":{"line":51,"column":9},"end":{"line":51,"column":40}},{"start":{"line":51,"column":40},"end":{"line":51,"column":null}}],"line":51},"2":{"loc":{"start":{"line":59,"column":2},"end":{"line":109,"column":null}},"type":"if","locations":[{"start":{"line":59,"column":2},"end":{"line":109,"column":null}},{"start":{},"end":{}}],"line":59},"3":{"loc":{"start":{"line":62,"column":19},"end":{"line":62,"column":null}},"type":"binary-expr","locations":[{"start":{"line":62,"column":19},"end":{"line":62,"column":39}},{"start":{"line":62,"column":39},"end":{"line":62,"column":null}}],"line":62},"4":{"loc":{"start":{"line":65,"column":4},"end":{"line":101,"column":null}},"type":"if","locations":[{"start":{"line":65,"column":4},"end":{"line":101,"column":null}},{"start":{},"end":{}}],"line":65},"5":{"loc":{"start":{"line":67,"column":6},"end":{"line":90,"column":null}},"type":"if","locations":[{"start":{"line":67,"column":6},"end":{"line":90,"column":null}},{"start":{},"end":{}}],"line":67},"6":{"loc":{"start":{"line":67,"column":10},"end":{"line":67,"column":98}},"type":"binary-expr","locations":[{"start":{"line":67,"column":10},"end":{"line":67,"column":28}},{"start":{"line":67,"column":28},"end":{"line":67,"column":66}},{"start":{"line":67,"column":66},"end":{"line":67,"column":98}}],"line":67},"7":{"loc":{"start":{"line":73,"column":10},"end":{"line":78,"column":null}},"type":"if","locations":[{"start":{"line":73,"column":10},"end":{"line":78,"column":null}},{"start":{},"end":{}}],"line":73},"8":{"loc":{"start":{"line":75,"column":12},"end":{"line":77,"column":null}},"type":"if","locations":[{"start":{"line":75,"column":12},"end":{"line":77,"column":null}},{"start":{},"end":{}}],"line":75},"9":{"loc":{"start":{"line":82,"column":10},"end":{"line":84,"column":null}},"type":"binary-expr","locations":[{"start":{"line":82,"column":20},"end":{"line":82,"column":null}},{"start":{"line":83,"column":19},"end":{"line":83,"column":null}},{"start":{"line":84,"column":19},"end":{"line":84,"column":null}}],"line":82},"10":{"loc":{"start":{"line":85,"column":23},"end":{"line":85,"column":null}},"type":"cond-expr","locations":[{"start":{"line":85,"column":61},"end":{"line":85,"column":75}},{"start":{"line":85,"column":75},"end":{"line":85,"column":null}}],"line":85},"11":{"loc":{"start":{"line":87,"column":22},"end":{"line":87,"column":null}},"type":"binary-expr","locations":[{"start":{"line":87,"column":22},"end":{"line":87,"column":46}},{"start":{"line":87,"column":46},"end":{"line":87,"column":null}}],"line":87},"12":{"loc":{"start":{"line":94,"column":18},"end":{"line":96,"column":null}},"type":"cond-expr","locations":[{"start":{"line":95,"column":12},"end":{"line":95,"column":null}},{"start":{"line":96,"column":12},"end":{"line":96,"column":null}}],"line":94},"13":{"loc":{"start":{"line":94,"column":18},"end":{"line":94,"column":null}},"type":"binary-expr","locations":[{"start":{"line":94,"column":18},"end":{"line":94,"column":59}},{"start":{"line":94,"column":59},"end":{"line":94,"column":null}}],"line":94},"14":{"loc":{"start":{"line":98,"column":20},"end":{"line":98,"column":null}},"type":"binary-expr","locations":[{"start":{"line":98,"column":20},"end":{"line":98,"column":44}},{"start":{"line":98,"column":44},"end":{"line":98,"column":null}}],"line":98},"15":{"loc":{"start":{"line":107,"column":18},"end":{"line":107,"column":null}},"type":"binary-expr","locations":[{"start":{"line":107,"column":18},"end":{"line":107,"column":42}},{"start":{"line":107,"column":42},"end":{"line":107,"column":null}}],"line":107},"16":{"loc":{"start":{"line":112,"column":2},"end":{"line":118,"column":null}},"type":"if","locations":[{"start":{"line":112,"column":2},"end":{"line":118,"column":null}},{"start":{},"end":{}}],"line":112},"17":{"loc":{"start":{"line":112,"column":6},"end":{"line":112,"column":67}},"type":"binary-expr","locations":[{"start":{"line":112,"column":6},"end":{"line":112,"column":32}},{"start":{"line":112,"column":32},"end":{"line":112,"column":67}}],"line":112},"18":{"loc":{"start":{"line":121,"column":2},"end":{"line":127,"column":null}},"type":"if","locations":[{"start":{"line":121,"column":2},"end":{"line":127,"column":null}},{"start":{},"end":{}}],"line":121},"19":{"loc":{"start":{"line":123,"column":15},"end":{"line":123,"column":null}},"type":"binary-expr","locations":[{"start":{"line":123,"column":15},"end":{"line":123,"column":32}},{"start":{"line":123,"column":32},"end":{"line":123,"column":null}}],"line":123},"20":{"loc":{"start":{"line":142,"column":4},"end":{"line":145,"column":null}},"type":"binary-expr","locations":[{"start":{"line":142,"column":4},"end":{"line":142,"column":null}},{"start":{"line":143,"column":4},"end":{"line":143,"column":null}},{"start":{"line":144,"column":4},"end":{"line":144,"column":null}},{"start":{"line":145,"column":5},"end":{"line":145,"column":null}}],"line":142},"21":{"loc":{"start":{"line":152,"column":48},"end":{"line":152,"column":96}},"type":"default-arg","locations":[{"start":{"line":152,"column":73},"end":{"line":152,"column":96}}],"line":152},"22":{"loc":{"start":{"line":153,"column":9},"end":{"line":153,"column":null}},"type":"binary-expr","locations":[{"start":{"line":153,"column":9},"end":{"line":153,"column":41}},{"start":{"line":153,"column":41},"end":{"line":153,"column":null}}],"line":153},"23":{"loc":{"start":{"line":196,"column":9},"end":{"line":196,"column":null}},"type":"binary-expr","locations":[{"start":{"line":196,"column":9},"end":{"line":196,"column":26}},{"start":{"line":196,"column":26},"end":{"line":196,"column":null}}],"line":196}},"s":{"0":5,"1":1,"2":8,"3":8,"4":5,"5":5,"6":5,"7":5,"8":4,"9":2,"10":2,"11":2,"12":4,"13":2,"14":2,"15":1,"16":2,"17":2,"18":1,"19":3,"20":1,"21":2,"22":1,"23":1,"24":8,"25":0,"26":0,"27":0,"28":0,"29":0,"30":0,"31":0,"32":0},"f":{"0":5,"1":8,"2":8,"3":4,"4":8,"5":0,"6":0,"7":0,"8":0,"9":0,"10":0,"11":0},"b":{"0":[5,5,4],"1":[8,1],"2":[5,3],"3":[5,0],"4":[4,1],"5":[2,2],"6":[4,2,2],"7":[2,2],"8":[1,1],"9":[2,0,0],"10":[1,1],"11":[2,0],"12":[1,1],"13":[2,2],"14":[4,0],"15":[1,0],"16":[1,2],"17":[3,2],"18":[1,1],"19":[1,0],"20":[8,8,7,5],"21":[0],"22":[0,0],"23":[0,0]},"meta":{"lastBranch":24,"lastFunction":12,"lastStatement":33,"seen":{"f:15:9:15:28":0,"s:16:2:16:Infinity":0,"b:16:9:16:19:16:19:16:47:16:47:16:Infinity":0,"s:33:52:45:Infinity":1,"f:50:16:50:39":1,"s:51:2:51:Infinity":2,"b:51:9:51:40:51:40:51:Infinity":1,"f:57:16:57:30":2,"b:59:2:109:Infinity:undefined:undefined:undefined:undefined":2,"s:59:2:109:Infinity":3,"s:60:21:60:Infinity":4,"s:61:22:61:Infinity":5,"s:62:19:62:Infinity":6,"b:62:19:62:39:62:39:62:Infinity":3,"b:65:4:101:Infinity:undefined:undefined:undefined:undefined":4,"s:65:4:101:Infinity":7,"b:67:6:90:Infinity:undefined:undefined:undefined:undefined":5,"s:67:6:90:Infinity":8,"b:67:10:67:28:67:28:67:66:67:66:67:98":6,"s:68:52:68:Infinity":9,"s:69:27:69:Infinity":10,"s:72:8:79:Infinity":11,"f:72:47:72:48":3,"b:73:10:78:Infinity:undefined:undefined:undefined:undefined":7,"s:73:10:78:Infinity":12,"s:74:12:74:Infinity":13,"b:75:12:77:Infinity:undefined:undefined:undefined:undefined":8,"s:75:12:77:Infinity":14,"s:76:14:76:Infinity":15,"s:81:8:89:Infinity":16,"b:82:20:82:Infinity:83:19:83:Infinity:84:19:84:Infinity":9,"b:85:61:85:75:85:75:85:Infinity":10,"b:87:22:87:46:87:46:87:Infinity":11,"s:93:6:100:Infinity":17,"b:95:12:95:Infinity:96:12:96:Infinity":12,"b:94:18:94:59:94:59:94:Infinity":13,"b:98:20:98:44:98:44:98:Infinity":14,"s:104:4:108:Infinity":18,"b:107:18:107:42:107:42:107:Infinity":15,"b:112:2:118:Infinity:undefined:undefined:undefined:undefined":16,"s:112:2:118:Infinity":19,"b:112:6:112:32:112:32:112:67":17,"s:113:4:117:Infinity":20,"b:121:2:127:Infinity:undefined:undefined:undefined:undefined":18,"s:121:2:127:Infinity":21,"s:122:4:126:Infinity":22,"b:123:15:123:32:123:32:123:Infinity":19,"s:130:2:134:Infinity":23,"f:140:9:140:22":4,"s:141:2:145:Infinity":24,"b:142:4:142:Infinity:143:4:143:Infinity:144:4:144:Infinity:145:5:145:Infinity":20,"f:152:16:152:32":5,"b:152:73:152:96":21,"s:153:2:153:Infinity":25,"b:153:9:153:41:153:41:153:Infinity":22,"f:159:16:159:31":6,"s:160:2:160:Infinity":26,"f:166:16:166:29":7,"s:167:2:167:Infinity":27,"f:173:16:173:31":8,"s:174:2:174:Infinity":28,"f:180:16:180:28":9,"s:181:2:181:Infinity":29,"f:187:16:187:27":10,"s:188:2:188:Infinity":30,"f:194:16:194:30":11,"s:195:17:195:Infinity":31,"s:196:2:196:Infinity":32,"b:196:9:196:26:196:26:196:Infinity":23}}}
}
